# JRE version: Java(TM) SE Runtime Environment (8.0_131-b11) (build 1.8.0_131-b11)
# Java VM: Java HotSpot(TM) 64-Bit Server VM (25.131-b11 mixed mode linux-amd64 compressed oops)
Heap:
 PSYoungGen      total 638464K, used 341069K [0x00000000d8000000, 0x0000000100000000, 0x0000000100000000)
  eden space 620544K, 54% used [0x00000000d8000000,0x00000000ecd136f0,0x00000000fde00000)
  from space 17920K, 0% used [0x00000000fee80000,0x00000000fee80000,0x0000000100000000)
  to   space 16896K, 0% used [0x00000000fde00000,0x00000000fde00000,0x00000000fee80000)
 ParOldGen       total 105472K, used 26775K [0x0000000088000000, 0x000000008e700000, 0x00000000d8000000)
  object space 105472K, 25% used [0x0000000088000000,0x0000000089a25d40,0x000000008e700000)
 Metaspace       used 70113K, capacity 74938K, committed 75032K, reserved 1114112K
  class space    used 9020K, capacity 10000K, committed 10024K, reserved 1048576K
GC Heap History (10 events):
Event: 4416,630 GC heap before
{Heap before GC invocations=32 (full 12):
 PSYoungGen      total 597504K, used 592896K [0x00000000d8000000, 0x00000000fe200000, 0x0000000100000000)
  eden space 592896K, 100% used [0x00000000d8000000,0x00000000fc300000,0x00000000fc300000)
  from space 4608K, 0% used [0x00000000fc300000,0x00000000fc300000,0x00000000fc780000)
  to   space 15872K, 0% used [0x00000000fd280000,0x00000000fd280000,0x00000000fe200000)
 ParOldGen       total 105472K, used 22578K [0x0000000088000000, 0x000000008e700000, 0x00000000d8000000)
  object space 105472K, 21% used [0x0000000088000000,0x000000008960c868,0x000000008e700000)
 Metaspace       used 66876K, capacity 71156K, committed 71192K, reserved 1112064K
  class space    used 8695K, capacity 9509K, committed 9512K, reserved 1048576K
Event: 4416,667 GC heap after
Heap after GC invocations=32 (full 12):
 PSYoungGen      total 606208K, used 15860K [0x00000000d8000000, 0x0000000100000000, 0x0000000100000000)
  eden space 590336K, 0% used [0x00000000d8000000,0x00000000d8000000,0x00000000fc080000)
  from space 15872K, 99% used [0x00000000fd280000,0x00000000fe1fd3b0,0x00000000fe200000)
  to   space 18432K, 0% used [0x00000000fc080000,0x00000000fc080000,0x00000000fd280000)
 ParOldGen       total 105472K, used 22874K [0x0000000088000000, 0x000000008e700000, 0x00000000d8000000)
  object space 105472K, 21% used [0x0000000088000000,0x0000000089656868,0x000000008e700000)
 Metaspace       used 66876K, capacity 71156K, committed 71192K, reserved 1112064K
  class space    used 8695K, capacity 9509K, committed 9512K, reserved 1048576K
}
Event: 4601,978 GC heap before
{Heap before GC invocations=33 (full 12):
 PSYoungGen      total 606208K, used 423703K [0x00000000d8000000, 0x0000000100000000, 0x0000000100000000)
  eden space 590336K, 69% used [0x00000000d8000000,0x00000000f0e48c10,0x00000000fc080000)
  from space 15872K, 99% used [0x00000000fd280000,0x00000000fe1fd3b0,0x00000000fe200000)
  to   space 18432K, 0% used [0x00000000fc080000,0x00000000fc080000,0x00000000fd280000)
 ParOldGen       total 105472K, used 22874K [0x0000000088000000, 0x000000008e700000, 0x00000000d8000000)
  object space 105472K, 21% used [0x0000000088000000,0x0000000089656868,0x000000008e700000)
 Metaspace       used 67961K, capacity 72534K, committed 72728K, reserved 1112064K
  class space    used 8811K, capacity 9714K, committed 9768K, reserved 1048576K
Event: 4602,016 GC heap after
Heap after GC invocations=33 (full 12):
 PSYoungGen      total 608768K, used 6669K [0x00000000d8000000, 0x0000000100000000, 0x0000000100000000)
  eden space 590336K, 0% used [0x00000000d8000000,0x00000000d8000000,0x00000000fc080000)
  from space 18432K, 36% used [0x00000000fc080000,0x00000000fc703758,0x00000000fd280000)
  to   space 17920K, 0% used [0x00000000fee80000,0x00000000fee80000,0x0000000100000000)
 ParOldGen       total 105472K, used 25478K [0x0000000088000000, 0x000000008e700000, 0x00000000d8000000)
  object space 105472K, 24% used [0x0000000088000000,0x00000000898e1af8,0x000000008e700000)
 Metaspace       used 67961K, capacity 72534K, committed 72728K, reserved 1112064K
  class space    used 8811K, capacity 9714K, committed 9768K, reserved 1048576K
}
Event: 4602,016 GC heap before
{Heap before GC invocations=34 (full 13):
 PSYoungGen      total 608768K, used 6669K [0x00000000d8000000, 0x0000000100000000, 0x0000000100000000)
  eden space 590336K, 0% used [0x00000000d8000000,0x00000000d8000000,0x00000000fc080000)
  from space 18432K, 36% used [0x00000000fc080000,0x00000000fc703758,0x00000000fd280000)
  to   space 17920K, 0% used [0x00000000fee80000,0x00000000fee80000,0x0000000100000000)
 ParOldGen       total 105472K, used 25478K [0x0000000088000000, 0x000000008e700000, 0x00000000d8000000)
  object space 105472K, 24% used [0x0000000088000000,0x00000000898e1af8,0x000000008e700000)
 Metaspace       used 67961K, capacity 72534K, committed 72728K, reserved 1112064K
  class space    used 8811K, capacity 9714K, committed 9768K, reserved 1048576K
Event: 4602,364 GC heap after
Heap after GC invocations=34 (full 13):
 PSYoungGen      total 608768K, used 0K [0x00000000d8000000, 0x0000000100000000, 0x0000000100000000)
  eden space 590336K, 0% used [0x00000000d8000000,0x00000000d8000000,0x00000000fc080000)
  from space 18432K, 0% used [0x00000000fc080000,0x00000000fc080000,0x00000000fd280000)
  to   space 17920K, 0% used [0x00000000fee80000,0x00000000fee80000,0x0000000100000000)
 ParOldGen       total 105472K, used 27067K [0x0000000088000000, 0x000000008e700000, 0x00000000d8000000)
  object space 105472K, 25% used [0x0000000088000000,0x0000000089a6ef88,0x000000008e700000)
 Metaspace       used 67948K, capacity 72504K, committed 72728K, reserved 1112064K
  class space    used 8808K, capacity 9704K, committed 9768K, reserved 1048576K
}
Event: 5113,333 GC heap before
{Heap before GC invocations=35 (full 13):
 PSYoungGen      total 608768K, used 406632K [0x00000000d8000000, 0x0000000100000000, 0x0000000100000000)
  eden space 590336K, 68% used [0x00000000d8000000,0x00000000f0d1a230,0x00000000fc080000)
  from space 18432K, 0% used [0x00000000fc080000,0x00000000fc080000,0x00000000fd280000)
  to   space 17920K, 0% used [0x00000000fee80000,0x00000000fee80000,0x0000000100000000)
 ParOldGen       total 105472K, used 27067K [0x0000000088000000, 0x000000008e700000, 0x00000000d8000000)
  object space 105472K, 25% used [0x0000000088000000,0x0000000089a6ef88,0x000000008e700000)
 Metaspace       used 69581K, capacity 74274K, committed 74392K, reserved 1114112K
  class space    used 8976K, capacity 9892K, committed 9896K, reserved 1048576K
Event: 5113,342 GC heap after
Heap after GC invocations=35 (full 13):
 PSYoungGen      total 638464K, used 6911K [0x00000000d8000000, 0x0000000100000000, 0x0000000100000000)
  eden space 620544K, 0% used [0x00000000d8000000,0x00000000d8000000,0x00000000fde00000)
  from space 17920K, 38% used [0x00000000fee80000,0x00000000ff53fca0,0x0000000100000000)
  to   space 16896K, 0% used [0x00000000fde00000,0x00000000fde00000,0x00000000fee80000)
 ParOldGen       total 105472K, used 27075K [0x0000000088000000, 0x000000008e700000, 0x00000000d8000000)
  object space 105472K, 25% used [0x0000000088000000,0x0000000089a70f88,0x000000008e700000)
 Metaspace       used 69581K, capacity 74274K, committed 74392K, reserved 1114112K
  class space    used 8976K, capacity 9892K, committed 9896K, reserved 1048576K
}
Event: 5113,342 GC heap before
{Heap before GC invocations=36 (full 14):
 PSYoungGen      total 638464K, used 6911K [0x00000000d8000000, 0x0000000100000000, 0x0000000100000000)
  eden space 620544K, 0% used [0x00000000d8000000,0x00000000d8000000,0x00000000fde00000)
  from space 17920K, 38% used [0x00000000fee80000,0x00000000ff53fca0,0x0000000100000000)
  to   space 16896K, 0% used [0x00000000fde00000,0x00000000fde00000,0x00000000fee80000)
 ParOldGen       total 105472K, used 27075K [0x0000000088000000, 0x000000008e700000, 0x00000000d8000000)
  object space 105472K, 25% used [0x0000000088000000,0x0000000089a70f88,0x000000008e700000)
 Metaspace       used 69581K, capacity 74274K, committed 74392K, reserved 1114112K
  class space    used 8976K, capacity 9892K, committed 9896K, reserved 1048576K
Event: 5113,598 GC heap after
Heap after GC invocations=36 (full 14):
 PSYoungGen      total 638464K, used 0K [0x00000000d8000000, 0x0000000100000000, 0x0000000100000000)
  eden space 620544K, 0% used [0x00000000d8000000,0x00000000d8000000,0x00000000fde00000)
  from space 17920K, 0% used [0x00000000fee80000,0x00000000fee80000,0x0000000100000000)
  to   space 16896K, 0% used [0x00000000fde00000,0x00000000fde00000,0x00000000fee80000)
 ParOldGen       total 105472K, used 26775K [0x0000000088000000, 0x000000008e700000, 0x00000000d8000000)
  object space 105472K, 25% used [0x0000000088000000,0x0000000089a25d40,0x000000008e700000)
 Metaspace       used 69578K, capacity 74268K, committed 74392K, reserved 1114112K
  class space    used 8976K, capacity 9890K, committed 9896K, reserved 1048576K
}

